D 00:05:00.2380304 NetCache.OnProfileNotices() sending [NetCache+ProfileNoticeMercenariesSeasonRoll: NoticeID=14146891949, Type=MERCENARIES_SEASON_ROLL, Origin=NOTICE_ORIGIN_MERCENARIES, OriginData=15, Date=133200020720000000] to 8 listeners
D 00:05:00.2380304 NetCache.OnProfileNotices() sending [NetCache+ProfileNoticeMercenariesSeasonRoll: NoticeID=14176080042, Type=MERCENARIES_SEASON_ROLL, Origin=NOTICE_ORIGIN_MERCENARIES, OriginData=16, Date=133221951120000000] to 8 listeners
D 00:05:00.2380304 NetCache.OnProfileNotices() sending [NetCache+ProfileNoticeMercenariesSeasonRoll: NoticeID=14208030265, Type=MERCENARIES_SEASON_ROLL, Origin=NOTICE_ORIGIN_MERCENARIES, OriginData=17, Date=133248212170000000] to 8 listeners
D 00:05:00.2380304 NetCache.OnProfileNotices() sending [NetCache+ProfileNoticeMercenariesSeasonRoll: NoticeID=14329168746, Type=MERCENARIES_SEASON_ROLL, Origin=NOTICE_ORIGIN_MERCENARIES, OriginData=18, Date=133274108190000000] to 8 listeners
D 00:05:00.2380304 NetCache.OnProfileNotices() sending [NetCache+ProfileNoticeMercenariesSeasonRoll: NoticeID=14365470057, Type=MERCENARIES_SEASON_ROLL, Origin=NOTICE_ORIGIN_MERCENARIES, OriginData=19, Date=133301195310000000] to 8 listeners
D 00:05:00.2380304 NetCache.OnProfileNotices() sending [NetCache+ProfileNoticeMercenariesSeasonRoll: NoticeID=14409611323, Type=MERCENARIES_SEASON_ROLL, Origin=NOTICE_ORIGIN_MERCENARIES, OriginData=20, Date=133336509170000000] to 8 listeners
D 00:05:00.2380304 NetCache.OnProfileNotices() sending [NetCache+ProfileNoticeMercenariesSeasonRoll: NoticeID=14489153986, Type=MERCENARIES_SEASON_ROLL, Origin=NOTICE_ORIGIN_MERCENARIES, OriginData=21, Date=133390167790000000] to 8 listeners
D 00:05:00.2380304 NetCache.OnProfileNotices() sending [NetCache+ProfileNoticeMercenariesSeasonRoll: NoticeID=14517282216, Type=MERCENARIES_SEASON_ROLL, Origin=NOTICE_ORIGIN_MERCENARIES, OriginData=23, Date=133406278560000000] to 8 listeners
D 00:05:00.2380304 NetCache.OnProfileNotices() sending [NetCache+ProfileNoticeMercenariesSeasonRoll: NoticeID=14559445465, Type=MERCENARIES_SEASON_ROLL, Origin=NOTICE_ORIGIN_MERCENARIES, OriginData=24, Date=133433280910000000] to 8 listeners
D 00:05:00.2380304 NetCache.OnProfileNotices() sending [NetCache+ProfileNoticeMercenariesSeasonRoll: NoticeID=14663974810, Type=MERCENARIES_SEASON_ROLL, Origin=NOTICE_ORIGIN_MERCENARIES, OriginData=25, Date=133461053790000000] to 8 listeners
D 00:05:00.2380304 NetCache.OnProfileNotices() sending [NetCache+ProfileNoticeMercenariesSeasonRoll: NoticeID=14703081112, Type=MERCENARIES_SEASON_ROLL, Origin=NOTICE_ORIGIN_MERCENARIES, OriginData=26, Date=133486861460000000] to 8 listeners
D 00:05:00.2380304 NetCache.OnProfileNotices() sending [NetCache+ProfileNoticeMercenariesSeasonRoll: NoticeID=14734245069, Type=MERCENARIES_SEASON_ROLL, Origin=NOTICE_ORIGIN_MERCENARIES, OriginData=27, Date=133513830700000000] to 8 listeners
D 00:05:00.2380304 NetCache.OnProfileNotices() sending [NetCache+ProfileNoticeMercenariesSeasonRoll: NoticeID=14784352119, Type=MERCENARIES_SEASON_ROLL, Origin=NOTICE_ORIGIN_MERCENARIES, OriginData=28, Date=133545493980000000] to 8 listeners
D 00:05:00.2380304 NetCache.OnProfileNotices() sending [NetCache+ProfileNoticeMercenariesSeasonRoll: NoticeID=14832380709, Type=MERCENARIES_SEASON_ROLL, Origin=NOTICE_ORIGIN_MERCENARIES, OriginData=29, Date=133566536430000000] to 8 listeners
D 00:05:00.2380304 NetCache.OnProfileNotices() sending [NetCache+ProfileNoticeMercenariesSeasonRoll: NoticeID=14863396335, Type=MERCENARIES_SEASON_ROLL, Origin=NOTICE_ORIGIN_MERCENARIES, OriginData=30, Date=133590373340000000] to 8 listeners
D 00:05:00.2380304 NetCache.OnProfileNotices() sending [NetCache+ProfileNoticeMercenariesSeasonRoll: NoticeID=14893107384, Type=MERCENARIES_SEASON_ROLL, Origin=NOTICE_ORIGIN_MERCENARIES, OriginData=31, Date=133617492510000000] to 8 listeners
D 00:05:00.2380304 NetCache.OnProfileNotices() sending [NetCache+ProfileNoticeMercenariesSeasonRoll: NoticeID=14916529181, Type=MERCENARIES_SEASON_ROLL, Origin=NOTICE_ORIGIN_MERCENARIES, OriginData=32, Date=133643350210000000] to 8 listeners
D 00:05:00.2380304 NetCache.OnProfileNotices() sending [NetCache+ProfileNoticeMercenariesSeasonRoll: NoticeID=14942877308, Type=MERCENARIES_SEASON_ROLL, Origin=NOTICE_ORIGIN_MERCENARIES, OriginData=33, Date=133669808470000000] to 8 listeners
D 00:05:00.2380304 NetCache.OnProfileNotices() sending [NetCache+ProfileNoticeMercenariesSeasonRoll: NoticeID=14973939662, Type=MERCENARIES_SEASON_ROLL, Origin=NOTICE_ORIGIN_MERCENARIES, OriginData=34, Date=133696616560000000] to 8 listeners
D 00:05:00.2380304 NetCache.OnProfileNotices() sending [NetCache+ProfileNoticeMercenariesSeasonRoll: NoticeID=14996237047, Type=MERCENARIES_SEASON_ROLL, Origin=NOTICE_ORIGIN_MERCENARIES, OriginData=35, Date=133722526320000000] to 8 listeners
D 00:05:00.2380304 NetCache.OnProfileNotices() sending [NetCache+ProfileNoticeMercenariesSeasonRoll: NoticeID=15015989302, Type=MERCENARIES_SEASON_ROLL, Origin=NOTICE_ORIGIN_MERCENARIES, OriginData=36, Date=133749453230000000] to 8 listeners
D 00:05:00.2380304 NetCache.OnProfileNotices() sending [NetCache+ProfileNoticeMercenariesSeasonRoll: NoticeID=15041020966, Type=MERCENARIES_SEASON_ROLL, Origin=NOTICE_ORIGIN_MERCENARIES, OriginData=37, Date=133776147180000000] to 8 listeners
D 00:05:00.2380304 NetCache.OnProfileNotices() sending [NetCache+ProfileNoticeMercenariesSeasonRoll: NoticeID=15058446215, Type=MERCENARIES_SEASON_ROLL, Origin=NOTICE_ORIGIN_MERCENARIES, OriginData=38, Date=133805783180000000] to 8 listeners
D 00:05:00.2380304 NetCache.OnProfileNotices() sending [NetCache+ProfileNoticeMercenariesSeasonRoll: NoticeID=15075660059, Type=MERCENARIES_SEASON_ROLL, Origin=NOTICE_ORIGIN_MERCENARIES, OriginData=39, Date=133834207170000000] to 8 listeners
D 00:05:00.2380304 NetCache.OnProfileNotices() sending [NetCache+ProfileNoticeMercenariesSeasonRoll: NoticeID=15089285233, Type=MERCENARIES_SEASON_ROLL, Origin=NOTICE_ORIGIN_MERCENARIES, OriginData=40, Date=133853014520000000] to 8 listeners
D 00:05:00.2380304 NetCache.OnProfileNotices() sending [NetCache+ProfileNoticeMercenariesSeasonRoll: NoticeID=15112813772, Type=MERCENARIES_SEASON_ROLL, Origin=NOTICE_ORIGIN_MERCENARIES, OriginData=41, Date=133879803120000000] to 8 listeners
D 00:05:00.2380304 NetCache.OnProfileNotices() sending [NetCache+ProfileNoticeMercenariesSeasonRoll: NoticeID=15135963637, Type=MERCENARIES_SEASON_ROLL, Origin=NOTICE_ORIGIN_MERCENARIES, OriginData=42, Date=133905787440000000] to 8 listeners
D 00:05:00.2380304 NetCache.OnProfileNotices() sending [NetCache+ProfileNoticeMercenariesSeasonRoll: NoticeID=15158676173, Type=MERCENARIES_SEASON_ROLL, Origin=NOTICE_ORIGIN_MERCENARIES, OriginData=43, Date=133934443680000000] to 8 listeners
D 00:05:00.2380304 NetCache.OnProfileNotices() sending [NetCache+ProfileNoticeMercenariesSeasonRoll: NoticeID=15176011398, Type=MERCENARIES_SEASON_ROLL, Origin=NOTICE_ORIGIN_MERCENARIES, OriginData=44, Date=133958421950000000] to 8 listeners
D 00:05:00.2380304 NetCache.OnProfileNotices() sending [NetCache+ProfileNoticeMercenariesSeasonRoll: NoticeID=15204555948, Type=MERCENARIES_SEASON_ROLL, Origin=NOTICE_ORIGIN_MERCENARIES, OriginData=45, Date=133986196430000000] to 8 listeners
D 00:05:00.2380304 NetCache.OnProfileNotices() sending [NetCache+ProfileNoticeMercenariesSeasonRoll: NoticeID=15221780224, Type=MERCENARIES_SEASON_ROLL, Origin=NOTICE_ORIGIN_MERCENARIES, OriginData=46, Date=134012213820000000] to 8 listeners
D 00:05:00.2380304 NetCache.OnProfileNotices() sending [NetCache+ProfileNoticeMercenariesSeasonRoll: NoticeID=15245875453, Type=MERCENARIES_SEASON_ROLL, Origin=NOTICE_ORIGIN_MERCENARIES, OriginData=47, Date=134037992830000000] to 8 listeners
D 00:05:00.2380304 NetCache.OnProfileNotices() sending [NetCache+ProfileNoticeMercenariesSeasonRoll: NoticeID=15266094004, Type=MERCENARIES_SEASON_ROLL, Origin=NOTICE_ORIGIN_MERCENARIES, OriginData=48, Date=134064723810000000] to 8 listeners
D 00:05:00.2380304 NetCache.OnProfileNotices() sending [NetCache+ProfileNoticeMercenariesSeasonRoll: NoticeID=15289254526, Type=MERCENARIES_SEASON_ROLL, Origin=NOTICE_ORIGIN_MERCENARIES, OriginData=49, Date=134090729290000000] to 8 listeners
D 00:05:00.2380304 NetCache.OnProfileNotices() sending [NetCache+ProfileNoticeMercenariesSeasonRoll: NoticeID=15307973221, Type=MERCENARIES_SEASON_ROLL, Origin=NOTICE_ORIGIN_MERCENARIES, OriginData=50, Date=134117395260000000] to 8 listeners
D 00:05:00.2380304 NetCache.OnProfileNotices() sending [NetCache+ProfileNoticeMercenariesSeasonRoll: NoticeID=15327022344, Type=MERCENARIES_SEASON_ROLL, Origin=NOTICE_ORIGIN_MERCENARIES, OriginData=51, Date=134143784990000000] to 8 listeners
D 00:05:00.2380304 NetCache.OnProfileNotices() sending [NetCache+ProfileNoticeMercenariesSeasonRoll: NoticeID=15345049472, Type=MERCENARIES_SEASON_ROLL, Origin=NOTICE_ORIGIN_MERCENARIES, OriginData=52, Date=134168464070000000] to 8 listeners
D 00:05:00.2380304 NetCache.OnProfileNotices() sending [NetCache+ProfileNoticeMercenariesSeasonRoll: NoticeID=15377088758, Type=MERCENARIES_SEASON_ROLL, Origin=NOTICE_ORIGIN_MERCENARIES, OriginData=53, Date=134195374210000000] to 8 listeners
D 00:05:00.2380304 NetCache.OnProfileNotices(): sending notices to AdventureProgressMgr::OnNewNotices
D 00:05:00.2380304 NetCache.OnProfileNotices(): sending notices to AchieveManager::OnNewNotices
D 00:05:00.2380304 NetCache.OnProfileNotices(): sending notices to GenericRewardChestNoticeManager::OnNewNotices
D 00:05:00.2380304 NetCache.OnProfileNotices(): sending notices to AccountLicenseMgr::OnNewNotices
D 00:05:00.2380304 NetCache.OnProfileNotices(): sending notices to FixedRewardsMgr::OnNewNotices
D 00:05:00.2380304 NetCache.OnProfileNotices(): sending notices to RewardPopups::OnNewNotices
D 00:05:00.2380304 PopupDisplayManager: adding 0 rewards to load total=0
D 00:05:00.2380304 NetCache.OnProfileNotices(): sending notices to RedundantNDERerollPopups::OnNewNotices
D 00:05:00.2380304 NetCache.OnProfileNotices(): sending notices to StoreManager::OnNewNotices
D 00:05:00.2380304 NetCache.OnProfileNotices(): sending notices to AdventureProgressMgr::OnNewNotices
D 00:05:00.2380304 NetCache.OnProfileNotices(): sending notices to AchieveManager::OnNewNotices
D 00:05:00.2380304 NetCache.OnProfileNotices(): sending notices to GenericRewardChestNoticeManager::OnNewNotices
D 00:05:00.2380304 NetCache.OnProfileNotices(): sending notices to AccountLicenseMgr::OnNewNotices
D 00:05:00.2380304 NetCache.OnProfileNotices(): sending notices to FixedRewardsMgr::OnNewNotices
D 00:05:00.2380304 NetCache.OnProfileNotices(): sending notices to RewardPopups::OnNewNotices
D 00:05:00.2380304 NetCache.OnProfileNotices(): sending notices to RedundantNDERerollPopups::OnNewNotices
D 00:05:00.2380304 NetCache.OnProfileNotices(): sending notices to StoreManager::OnNewNotices
